
> gcloud-deploy-node-app-ci-ci-circleci@1.0.0 start /home/karenroot/Documents/Bootcamp 2019/Books/CICD/project1
> node server.js

events.js:183
      throw er; // Unhandled 'error' event
      ^

Error: listen EADDRINUSE :::3000
    at Object._errnoException (util.js:1022:11)
    at _exceptionWithHostPort (util.js:1044:20)
    at Server.setupListenHandle [as _listen2] (net.js:1367:14)
    at listenInCluster (net.js:1408:12)
    at Server.listen (net.js:1492:7)
    at Function.listen (/home/karenroot/Documents/Bootcamp 2019/Books/CICD/project1/node_modules/express/lib/application.js:618:24)
    at Object.<anonymous> (/home/karenroot/Documents/Bootcamp 2019/Books/CICD/project1/server.js:22:5)
    at Module._compile (module.js:652:30)
    at Object.Module._extensions..js (module.js:663:10)
    at Module.load (module.js:565:32)

npm ERR! Linux 5.3.0-28-generic
npm ERR! argv "/usr/bin/node" "/usr/bin/npm" "start"
npm ERR! node v8.10.0
npm ERR! npm  v3.5.2
npm ERR! code ELIFECYCLE
npm ERR! gcloud-deploy-node-app-ci-ci-circleci@1.0.0 start: `node server.js`
npm ERR! Exit status 1
npm ERR! 
npm ERR! Failed at the gcloud-deploy-node-app-ci-ci-circleci@1.0.0 start script 'node server.js'.
npm ERR! Make sure you have the latest version of node.js and npm installed.
npm ERR! If you do, this is most likely a problem with the gcloud-deploy-node-app-ci-ci-circleci package,
npm ERR! not with npm itself.
npm ERR! Tell the author that this fails on your system:
npm ERR!     node server.js
npm ERR! You can get information on how to open an issue for this project with:
npm ERR!     npm bugs gcloud-deploy-node-app-ci-ci-circleci
npm ERR! Or if that isn't available, you can get their info via:
npm ERR!     npm owner ls gcloud-deploy-node-app-ci-ci-circleci
npm ERR! There is likely additional logging output above.

npm ERR! Please include the following file with any support request:
npm ERR!     /home/karenroot/Documents/Bootcamp 2019/Books/CICD/project1/npm-debug.log
